<?xml version="1.0" encoding="UTF-8"?>
<testng-results ignored="0" total="1" passed="1" failed="0" skipped="0">
  <reporter-output>
  </reporter-output>
  <suite started-at="2022-07-20T19:41:23 WIB" name="Default suite" finished-at="2022-07-20T19:41:38 WIB" duration-ms="15013">
    <groups>
      <group name="cucumber">
        <method signature="AbstractTestNGCucumberTests.runScenario(io.cucumber.testng.PickleWrapper, io.cucumber.testng.FeatureWrapper)[pri:0, instance:runner.TransactionsRunnerTest@4da4253]" name="runScenario" class="io.cucumber.testng.AbstractTestNGCucumberTests"/>
      </group> <!-- cucumber -->
    </groups>
    <test started-at="2022-07-20T19:41:23 WIB" name="Default test" finished-at="2022-07-20T19:41:38 WIB" duration-ms="15013">
      <class name="runner.TransactionsRunnerTest">
        <test-method is-config="true" signature="setUpClass()[pri:0, instance:runner.TransactionsRunnerTest@4da4253]" started-at="2022-07-20T19:41:23 WIB" name="setUpClass" finished-at="2022-07-20T19:41:23 WIB" duration-ms="506" status="PASS">
          <reporter-output>
          </reporter-output>
        </test-method> <!-- setUpClass -->
        <test-method signature="runScenario(io.cucumber.testng.PickleWrapper, io.cucumber.testng.FeatureWrapper)[pri:0, instance:runner.TransactionsRunnerTest@4da4253]" started-at="2022-07-20T19:41:23 WIB" name="runScenario" description="Runs Cucumber Scenarios" data-provider="scenarios" finished-at="2022-07-20T19:41:37 WIB" duration-ms="14176" status="PASS">
          <params>
            <param index="0">
              <value>
                <![CDATA["Melakukan checkout data transaksi"]]>
              </value>
            </param>
            <param index="1">
              <value>
                <![CDATA["Proses checkout payment e-commerce"]]>
              </value>
            </param>
          </params>
          <reporter-output>
          </reporter-output>
        </test-method> <!-- runScenario -->
        <test-method is-config="true" signature="tearDownClass()[pri:0, instance:runner.TransactionsRunnerTest@4da4253]" started-at="2022-07-20T19:41:37 WIB" name="tearDownClass" finished-at="2022-07-20T19:41:38 WIB" duration-ms="266" status="PASS">
          <reporter-output>
          </reporter-output>
        </test-method> <!-- tearDownClass -->
      </class> <!-- runner.TransactionsRunnerTest -->
    </test> <!-- Default test -->
  </suite> <!-- Default suite -->
</testng-results>
